Server took 0:00:00.000996 to complete the request for 'Ed sheeren' 
The response length was 5 bytes 
The response was received on 2019-05-14 00:07:50.619566 


Server took 0:00:00.015292 to complete the request for 'ed' 
The response length was 44 bytes 
The response was received on 2019-05-14 00:25:52.242702 


Server took 0:00:00.013498 to complete the request for 'ed' 
The response length was 5 bytes 
The response was received on 2019-05-14 00:44:22.648974 


Server took 0:00:00.018931 to complete the request for 'aa' 
The response length was 5 bytes 
The response was received on 2019-05-14 00:51:41.945422 


Server took 0:00:00.020000 to complete the request for 'aa' 
The response length was 5 bytes 
The response was received on 2019-05-14 00:56:54.719217 


Server took 0:00:00.002001 to complete the request for 'a' 
The response length was 5 bytes 
The response was received on 2019-05-14 15:45:43.665320 


Server took 0:00:00.003000 to complete the request for 'as' 
The response length was 5 bytes 
The response was received on 2019-05-14 15:51:00.009429 


Server took 0:00:00.002000 to complete the request for 'ed sheeren' 
The response length was 5 bytes 
The response was received on 2019-05-14 21:11:50.548447 


Server took 0:00:00.002001 to complete the request for 'Ed sheeren' 
The response length was 5 bytes 
The response was received on 2019-05-14 21:12:58.982290 


Server took 0:00:00.002000 to complete the request for 'ed' 
The response length was 5 bytes 
The response was received on 2019-05-14 21:26:05.902059 


Server took 0:00:00.002316 to complete the request for 'Lobo' 
The response length was 30 bytes 
The response was received on 2019-05-15 14:28:53.513769 


