Server started 2019-05-14 00:05:14.333912 
Client connected at 2019-05-14 00:07:41.254909 
Connection was successful! 
Client requested songs under the artist name Ed sheeren 
Client was connected for 0:14:05.893029 

Client connected at 2019-05-14 00:22:45.668555 
Connection was successful! 
Client was connected for 0:00:07.915086 

Client connected at 2019-05-14 00:24:44.920574 
Connection was successful! 
Client was connected for 0:00:02.993195 

Client connected at 2019-05-14 00:25:04.656435 
Connection was successful! 
Client requested songs under the artist name d 
Client was connected for 0:00:02.300237 

Client connected at 2019-05-14 00:25:23.187652 
Connection was successful! 
Client requested songs under the artist name d 
Client requested songs under the artist name t 
Client requested songs under the artist name ed 
Client was connected for 0:00:34.718538 

Server started 2019-05-14 00:26:49.491988 
Server started 2019-05-14 00:32:00.647905 
Client connected at 2019-05-14 00:34:01.941970 
Connection was successful! 
Client was connected for 0:00:00.000993 

Client connected at 2019-05-14 00:34:35.709480 
Connection was successful! 
Client was connected for 0:00:00 

Server started 2019-05-14 00:41:57.482323 
Client connected at 2019-05-14 00:42:37.098761 
Connection was successful! 
Client was connected for 0:00:00 

Client connected at 2019-05-14 00:43:39.785680 
Connection was successful! 
Client was connected for 0:00:00.001613 

Client connected at 2019-05-14 00:44:15.973751 
Connection was successful! 
Client requested songs under the artist name ed 
Client was connected for 0:00:12.952453 

Server started 2019-05-14 00:49:00.739019 
Client connected at 2019-05-14 00:49:10.755745 
Connection was successful! 
Client was connected for 0:00:07.388031 

Server started 2019-05-14 00:49:38.269444 
Server started 2019-05-14 00:51:30.416941 
Client connected at 2019-05-14 00:51:34.489948 
Connection was successful! 
Client requested songs under the artist name aa 
Client was connected for 0:00:12.199841 

Server started 2019-05-14 00:54:48.065886 
Server started 2019-05-14 00:56:24.959563 
Server started 2019-05-14 00:56:47.060132 
Client connected at 2019-05-14 00:56:52.426525 
Connection was successful! 
Client requested songs under the artist name aa 
Client was connected for 0:00:05.967563 

Server started 2019-05-14 00:57:04.575290 
Server started 2019-05-14 01:06:51.819218 
Server started 2019-05-14 01:07:37.736778 
Server started 2019-05-14 01:08:36.075740 
Server started 2019-05-14 01:09:59.633129 
Server started 2019-05-14 01:11:31.425954 
Server started 2019-05-14 01:12:13.189890 
Server started 2019-05-14 01:12:38.390235 
Server started 2019-05-14 15:42:12.349190 
Server started 2019-05-14 15:43:41.438098 
Server started 2019-05-14 15:45:26.309584 
Client connected at 2019-05-14 15:45:39.674921 
Connection was successful! 
Client requested songs under the artist name a 
Client was connected for 0:00:06.515651 

Server started 2019-05-14 15:45:51.587112 
Server started 2019-05-14 15:50:27.098429 
Server started 2019-05-14 15:50:47.667429 
Client connected at 2019-05-14 15:50:54.203429 
Connection was successful! 
Client requested songs under the artist name as 
Client was connected for 0:00:08.763000 

Server started 2019-05-14 18:02:17.849508 
Server started 2019-05-14 18:02:53.134508 
Client connected at 2019-05-14 18:03:00.911508 
Connection was successful! 
Client was connected for 3:04:22.291207 

Server started 2019-05-14 21:07:49.384333 
Server started 2019-05-14 21:08:27.501144 
Client connected at 2019-05-14 21:09:06.879082 
Connection was successful! 
Client was connected for 0:00:04.757475 

Server started 2019-05-14 21:09:16.134007 
Server started 2019-05-14 21:09:43.615755 
Server started 2019-05-14 21:11:11.134506 
Client connected at 2019-05-14 21:11:19.331325 
Connection was successful! 
Client requested songs under the artist name  
Client was connected for 0:00:00.003001 

Client connected at 2019-05-14 21:11:45.211913 
Connection was successful! 
Client requested songs under the artist name ed sheeren 
Client was connected for 0:00:09.526953 

Server started 2019-05-14 21:12:08.340226 
Client connected at 2019-05-14 21:12:21.357527 
Connection was successful! 
Client requested songs under the artist name  
Client was connected for 0:00:00.002001 

Client connected at 2019-05-14 21:12:44.733865 
Connection was successful! 
Client requested songs under the artist name Ed sheeren 
Client was connected for 0:13:00.999194 

Server started 2019-05-14 21:25:49.788059 
Client connected at 2019-05-14 21:25:56.222059 
Connection was successful! 
Client requested songs under the artist name  
Client was connected for 0:00:00.002000 

Client connected at 2019-05-14 21:26:02.654059 
Connection was successful! 
Client requested songs under the artist name ed 
Client was connected for 0:00:08.333000 

Client connected at 2019-05-14 21:26:25.405059 
Connection was successful! 
Client was connected for 0:00:04.301000 

Server started 2019-05-15 14:28:18.938118 
Client connected at 2019-05-15 14:28:47.845739 
Connection was successful! 
Client requested songs under the artist name Lobo 
Client was connected for 0:00:24.660608 

Client connected at 2019-05-15 14:29:21.182279 
Connection was successful! 
Client requested songs under the artist name  
Client was connected for 0:00:00 

Server started 2019-05-15 15:13:11.919873 
Client connected at 2019-05-15 15:13:49.497983 
Connection was successful! 
Client requested songs under the artist name lobo 
Client requested songs under the artist name yoo 
Client requested songs under the artist name Lobo 
Client was connected for 1:37:31.702092 

Server started 2019-05-15 16:52:49.515763 
Client connected at 2019-05-15 16:59:53.003709 
Connection was successful! 
Client requested songs under the artist name Lobo 
Client was connected for 0:05:41.193541 

Client connected at 2019-05-15 17:05:59.242537 
Connection was successful! 
Client was connected for 0:00:03.915143 

Server started 2019-05-15 17:06:14.266933 
Client connected at 2019-05-15 17:06:22.847315 
Connection was successful! 
Client requested songs under the artist name Lobo 
Client was connected for 0:00:12.958075 

Server started 2019-05-15 17:19:06.541349 
Client connected at 2019-05-15 17:19:50.385312 
Connection was successful! 
Client requested songs under the artist name  
Client was connected for 0:00:00.003997 

Server started 2019-05-15 17:25:32.549826 
Client connected at 2019-05-15 17:26:55.529037 
Connection was successful! 
Client requested songs under the artist name  
Client was connected for 0:00:00.003996 

